Arguments: 
  /usr/local/bin/node /usr/share/yarn/bin/yarn.js add express body-parser sequelize pg pg-hstore express-handlerbars

PATH: 
  /home/quest/.yarn/bin:/home/quest/bin:/usr/local/bin:/usr/local/sbin:/usr/local/bin:/usr/sbin:/usr/bin:/sbin:/bin:/usr/games:/usr/local/games:/snap/bin:/opt/yarn-1.17.3/bin

Yarn version: 
  1.17.3

Node version: 
  10.16.1

Platform: 
  linux x64

Trace: 
  Error: https://registry.yarnpkg.com/express-handlerbars: Not found
      at Request.params.callback [as _callback] (/usr/share/yarn/lib/cli.js:66830:18)
      at Request.self.callback (/usr/share/yarn/lib/cli.js:140464:22)
      at Request.emit (events.js:198:13)
      at Request.<anonymous> (/usr/share/yarn/lib/cli.js:141436:10)
      at Request.emit (events.js:198:13)
      at IncomingMessage.<anonymous> (/usr/share/yarn/lib/cli.js:141358:12)
      at Object.onceWrapper (events.js:286:20)
      at IncomingMessage.emit (events.js:203:15)
      at endReadableNT (_stream_readable.js:1145:12)
      at process._tickCallback (internal/process/next_tick.js:63:19)

npm manifest: 
  {
    "name": "code-gig",
    "version": "1.0.0",
    "description": "simple job find app for coders",
    "main": "app.js",
    "author": "Stefan Quest",
    "license": "MIT"
  }

yarn manifest: 
  No manifest

Lockfile: 
  No lockfile
